<?xml version="1.0" encoding="UTF-8"?>
<!-- Generated by org.testng.reporters.JUnitReportReporter -->
<testsuite hostname="Saurav" name="wikia.Login" tests="1" failures="0" timestamp="23 Sep 2015 22:10:34 GMT" time="57.968" errors="0">
  <testcase name="main" time="57.968" classname="wikia.Login"/>
</testsuite> <!-- wikia.Login -->
